<?xml version="1.0" encoding="UTF-8" ?>
<testsuite errors="1" failures="0" hostname="DESKTOP-16O0SVF" name="sample.junit.CalculatorTestSuccessful" skipped="0" tests="1" time="0.082" timestamp="2018-10-04T22:39:16">
  <properties>
    <property name="java.vendor" value="Oracle Corporation" />
    <property name="sun.java.launcher" value="SUN_STANDARD" />
    <property name="sun.management.compiler" value="HotSpot 64-Bit Tiered Compilers" />
    <property name="os.name" value="Windows 10" />
    <property name="sun.boot.class.path" value="C:\Program Files\Java\jdk1.8.0_131\jre\lib\resources.jar;C:\Program Files\Java\jdk1.8.0_131\jre\lib\rt.jar;C:\Program Files\Java\jdk1.8.0_131\jre\lib\sunrsasign.jar;C:\Program Files\Java\jdk1.8.0_131\jre\lib\jsse.jar;C:\Program Files\Java\jdk1.8.0_131\jre\lib\jce.jar;C:\Program Files\Java\jdk1.8.0_131\jre\lib\charsets.jar;C:\Program Files\Java\jdk1.8.0_131\jre\lib\jfr.jar;C:\Program Files\Java\jdk1.8.0_131\jre\classes" />
    <property name="sun.desktop" value="windows" />
    <property name="java.vm.specification.vendor" value="Oracle Corporation" />
    <property name="ant.home" value="c:\apache\apache-ant-1.10.5\bin\.." />
    <property name="java.runtime.version" value="1.8.0_131-b11" />
    <property name="user.name" value="james" />
    <property name="user.language" value="en" />
    <property name="sun.boot.library.path" value="C:\Program Files\Java\jdk1.8.0_131\jre\bin" />
    <property name="ant.project.default-target" value="all" />
    <property name="ant.project.name" value="AppsurifyTestDemo" />
    <property name="java.version" value="1.8.0_131" />
    <property name="user.timezone" value="" />
    <property name="sun.arch.data.model" value="64" />
    <property name="java.endorsed.dirs" value="C:\Program Files\Java\jdk1.8.0_131\jre\lib\endorsed" />
    <property name="sun.cpu.isalist" value="amd64" />
    <property name="sun.jnu.encoding" value="Cp1252" />
    <property name="file.encoding.pkg" value="sun.io" />
    <property name="file.separator" value="\" />
    <property name="java.specification.name" value="Java Platform API Specification" />
    <property name="java.class.version" value="52.0" />
    <property name="user.country" value="NZ" />
    <property name="java.home" value="C:\Program Files\Java\jdk1.8.0_131\jre" />
    <property name="java.vm.info" value="mixed mode" />
    <property name="ant.file" value="C:\Users\james\eclipse-workspace\junit-sample\AppsurifyTestDemo\build.xml" />
    <property name="os.version" value="10.0" />
    <property name="path.separator" value=";" />
    <property name="java.vm.version" value="25.131-b11" />
    <property name="report.dir" value="C:\Users\james\eclipse-workspace\junit-sample\AppsurifyTestDemo\target\junit-reports" />
    <property name="user.variant" value="" />
    <property name="unit.test" value="*.java" />
    <property name="ant.library.dir" value="C:\apache\apache-ant-1.10.5\lib" />
    <property name="java.awt.printerjob" value="sun.awt.windows.WPrinterJob" />
    <property name="sun.io.unicode.encoding" value="UnicodeLittle" />
    <property name="awt.toolkit" value="sun.awt.windows.WToolkit" />
    <property name="junit.class.name" value="sample.SuitTest" />
    <property name="sun.stdout.encoding" value="cp850" />
    <property name="user.script" value="" />
    <property name="user.home" value="C:\Users\james" />
    <property name="java.specification.vendor" value="Oracle Corporation" />
    <property name="test.dir" value="C:\Users\james\eclipse-workspace\junit-sample\AppsurifyTestDemo\src\test\java" />
    <property name="java.library.path" value="C:\Program Files\Java\jdk1.8.0_131\bin;C:\WINDOWS\Sun\Java\bin;C:\WINDOWS\system32;C:\WINDOWS;C:\Program Files (x86)\Intel\iCLS Client\;C:\ProgramData\Oracle\Java\javapath;C:\Program Files\Intel\iCLS Client\;C:\Windows\system32;C:\Windows;C:\Windows\System32\Wbem;C:\Windows\System32\WindowsPowerShell\v1.0\;C:\Program Files (x86)\NVIDIA Corporation\PhysX\Common;C:\Program Files\Java\jdk1.8.0_131\bin;C:\Program Files\Intel\WiFi\bin\;C:\Program Files\Common Files\Intel\WirelessCommon\;C:\WINDOWS\system32;C:\WINDOWS;C:\WINDOWS\System32\Wbem;C:\WINDOWS\System32\WindowsPowerShell\v1.0\;C:\Program Files (x86)\Intel\Intel(R) Management Engine Components\DAL;C:\Program Files\Intel\Intel(R) Management Engine Components\DAL;C:\Program Files (x86)\Intel\Intel(R) Management Engine Components\IPT;C:\Program Files\Intel\Intel(R) Management Engine Components\IPT;C:\WINDOWS\System32\OpenSSH\;C:\Users\james\AppData\Local\Microsoft\WindowsApps;C:\Program Files\Java\jdk1.8.0_131\bin;;." />
    <property name="java.vendor.url" value="http://java.oracle.com/" />
    <property name="jars" value="libs" />
    <property name="bin.dir" value="C:\Users\james\eclipse-workspace\junit-sample\AppsurifyTestDemo/target" />
    <property name="java.vm.vendor" value="Oracle Corporation" />
    <property name="java.runtime.name" value="Java(TM) SE Runtime Environment" />
    <property name="sun.java.command" value="org.apache.tools.ant.launch.Launcher test" />
    <property name="java.class.path" value="c:\apache\apache-ant-1.10.5\bin\..\lib\ant-launcher.jar;C:\apache\apache-ant-1.10.5\lib\ant-antlr.jar;C:\apache\apache-ant-1.10.5\lib\ant-apache-bcel.jar;C:\apache\apache-ant-1.10.5\lib\ant-apache-bsf.jar;C:\apache\apache-ant-1.10.5\lib\ant-apache-log4j.jar;C:\apache\apache-ant-1.10.5\lib\ant-apache-oro.jar;C:\apache\apache-ant-1.10.5\lib\ant-apache-regexp.jar;C:\apache\apache-ant-1.10.5\lib\ant-apache-resolver.jar;C:\apache\apache-ant-1.10.5\lib\ant-apache-xalan2.jar;C:\apache\apache-ant-1.10.5\lib\ant-commons-logging.jar;C:\apache\apache-ant-1.10.5\lib\ant-commons-net.jar;C:\apache\apache-ant-1.10.5\lib\ant-jai.jar;C:\apache\apache-ant-1.10.5\lib\ant-javamail.jar;C:\apache\apache-ant-1.10.5\lib\ant-jdepend.jar;C:\apache\apache-ant-1.10.5\lib\ant-jmf.jar;C:\apache\apache-ant-1.10.5\lib\ant-jsch.jar;C:\apache\apache-ant-1.10.5\lib\ant-junit.jar;C:\apache\apache-ant-1.10.5\lib\ant-junit4.jar;C:\apache\apache-ant-1.10.5\lib\ant-junitlauncher.jar;C:\apache\apache-ant-1.10.5\lib\ant-launcher.jar;C:\apache\apache-ant-1.10.5\lib\ant-netrexx.jar;C:\apache\apache-ant-1.10.5\lib\ant-swing.jar;C:\apache\apache-ant-1.10.5\lib\ant-testutil.jar;C:\apache\apache-ant-1.10.5\lib\ant-xz.jar;C:\apache\apache-ant-1.10.5\lib\ant.jar;C:\Program Files\Java\jdk1.8.0_131\lib\tools.jar" />
    <property name="ant.version" value="Apache Ant(TM) version 1.10.5 compiled on July 10 2018" />
    <property name="ant.file.type.AppsurifyTestDemo" value="file" />
    <property name="ant.file.AppsurifyTestDemo" value="C:\Users\james\eclipse-workspace\junit-sample\AppsurifyTestDemo\build.xml" />
    <property name="java.vm.specification.name" value="Java Virtual Machine Specification" />
    <property name="ant.file.type" value="file" />
    <property name="java.vm.specification.version" value="1.8" />
    <property name="sun.cpu.endian" value="little" />
    <property name="sun.os.patch.level" value="" />
    <property name="java.io.tmpdir" value="C:\Users\james\AppData\Local\Temp\" />
    <property name="report.data.dir" value="C:\Users\james\eclipse-workspace\junit-sample\AppsurifyTestDemo\target\junit-reports\data" />
    <property name="java.vendor.url.bug" value="http://bugreport.sun.com/bugreport/" />
    <property name="os.arch" value="amd64" />
    <property name="java.awt.graphicsenv" value="sun.awt.Win32GraphicsEnvironment" />
    <property name="java.ext.dirs" value="C:\Program Files\Java\jdk1.8.0_131\jre\lib\ext;C:\WINDOWS\Sun\Java\lib\ext" />
    <property name="user.dir" value="C:\Users\james\eclipse-workspace\junit-sample\AppsurifyTestDemo" />
    <property name="line.separator" value="&#xd;&#xa;" />
    <property name="java.vm.name" value="Java HotSpot(TM) 64-Bit Server VM" />
    <property name="basedir" value="C:\Users\james\eclipse-workspace\junit-sample\AppsurifyTestDemo" />
    <property name="ant.java.version" value="1.8" />
    <property name="ant.core.lib" value="C:\apache\apache-ant-1.10.5\lib\ant.jar" />
    <property name="file.encoding" value="Cp1252" />
    <property name="sun.stderr.encoding" value="cp850" />
    <property name="java.specification.version" value="1.8" />
    <property name="ant.project.invoked-targets" value="test" />
  </properties>
  <testcase classname="sample.junit.CalculatorTestSuccessful" name="initializationError" time="0.008">
    <error message="No runnable methods" type="java.lang.Exception">java.lang.Exception: No runnable methods
	at java.lang.reflect.Constructor.newInstance(Constructor.java:423)
</error>
  </testcase>
  <system-out><![CDATA[]]></system-out>
  <system-err><![CDATA[]]></system-err>
</testsuite>
